0 info it worked if it ends with ok
1 verbose cli [ 'C:\\Program Files\\nodejs\\node.exe',
1 verbose cli   'C:\\Users\\Administrator\\AppData\\Roaming\\npm\\node_modules\\npm\\bin\\npm-cli.js',
1 verbose cli   'install' ]
2 info using npm@3.10.8
3 info using node@v4.6.0
4 silly loadCurrentTree Starting
5 silly install loadCurrentTree
6 silly install readLocalPackageData
7 silly install normalizeTree
8 silly loadCurrentTree Finishing
9 silly loadIdealTree Starting
10 silly install loadIdealTree
11 silly cloneCurrentTree Starting
12 silly install cloneCurrentTreeToIdealTree
13 silly cloneCurrentTree Finishing
14 silly loadShrinkwrap Starting
15 silly install loadShrinkwrap
16 silly loadShrinkwrap Finishing
17 silly loadAllDepsIntoIdealTree Starting
18 silly install loadAllDepsIntoIdealTree
19 silly fetchOtherPackageData phoenix@file:deps/phoenix
20 silly cache add args [ 'phoenix@file:deps/phoenix', null ]
21 verbose cache add spec phoenix@file:deps/phoenix
22 silly fetchOtherPackageData phoenix_html@file:deps/phoenix_html
23 silly cache add args [ 'phoenix_html@file:deps/phoenix_html', null ]
24 verbose cache add spec phoenix_html@file:deps/phoenix_html
25 silly cache add parsed spec Result {
25 silly cache add   raw: 'phoenix@file:deps/phoenix',
25 silly cache add   scope: null,
25 silly cache add   escapedName: 'phoenix',
25 silly cache add   name: 'phoenix',
25 silly cache add   rawSpec: 'file:deps/phoenix',
25 silly cache add   spec: 'H:\\Work\\foodgasm\\foodgasm\\deps\\phoenix',
25 silly cache add   type: 'local' }
26 silly cache add parsed spec Result {
26 silly cache add   raw: 'phoenix_html@file:deps/phoenix_html',
26 silly cache add   scope: null,
26 silly cache add   escapedName: 'phoenix_html',
26 silly cache add   name: 'phoenix_html',
26 silly cache add   rawSpec: 'file:deps/phoenix_html',
26 silly cache add   spec: 'H:\\Work\\foodgasm\\foodgasm\\deps\\phoenix_html',
26 silly cache add   type: 'local' }
27 error addLocal Could not install H:\Work\foodgasm\foodgasm\deps\phoenix
28 silly fetchPackageMetaData Error: ENOENT: no such file or directory, open 'H:\Work\foodgasm\foodgasm\deps\phoenix'
28 silly fetchPackageMetaData     at Error (native)
28 silly fetchPackageMetaData  error for phoenix@file:deps/phoenix { [Error: ENOENT: no such file or directory, open 'H:\Work\foodgasm\foodgasm\deps\phoenix']
28 silly fetchPackageMetaData   errno: -4058,
28 silly fetchPackageMetaData   code: 'ENOENT',
28 silly fetchPackageMetaData   syscall: 'open',
28 silly fetchPackageMetaData   path: 'H:\\Work\\foodgasm\\foodgasm\\deps\\phoenix' }
29 error addLocal Could not install H:\Work\foodgasm\foodgasm\deps\phoenix_html
30 silly fetchPackageMetaData Error: ENOENT: no such file or directory, open 'H:\Work\foodgasm\foodgasm\deps\phoenix_html'
30 silly fetchPackageMetaData     at Error (native)
30 silly fetchPackageMetaData  error for phoenix_html@file:deps/phoenix_html { [Error: ENOENT: no such file or directory, open 'H:\Work\foodgasm\foodgasm\deps\phoenix_html']
30 silly fetchPackageMetaData   errno: -4058,
30 silly fetchPackageMetaData   code: 'ENOENT',
30 silly fetchPackageMetaData   syscall: 'open',
30 silly fetchPackageMetaData   path: 'H:\\Work\\foodgasm\\foodgasm\\deps\\phoenix_html' }
31 silly rollbackFailedOptional Starting
32 silly rollbackFailedOptional Finishing
33 silly runTopLevelLifecycles Finishing
34 silly install printInstalled
35 verbose stack Error: ENOENT: no such file or directory, open 'H:\Work\foodgasm\foodgasm\deps\phoenix'
35 verbose stack     at Error (native)
36 verbose cwd H:\Work\foodgasm\foodgasm
37 error Windows_NT 10.0.14393
38 error argv "C:\\Program Files\\nodejs\\node.exe" "C:\\Users\\Administrator\\AppData\\Roaming\\npm\\node_modules\\npm\\bin\\npm-cli.js" "install"
39 error node v4.6.0
40 error npm  v3.10.8
41 error path H:\Work\foodgasm\foodgasm\deps\phoenix
42 error code ENOENT
43 error errno -4058
44 error syscall open
45 error enoent ENOENT: no such file or directory, open 'H:\Work\foodgasm\foodgasm\deps\phoenix'
46 error enoent ENOENT: no such file or directory, open 'H:\Work\foodgasm\foodgasm\deps\phoenix'
46 error enoent This is most likely not a problem with npm itself
46 error enoent and is related to npm not being able to find a file.
47 verbose exit [ -4058, true ]
